\BOOKMARK [0][-]{section*.4}{摘 要}{}% 1
\BOOKMARK [0][-]{section*.5}{ABSTRACT}{}% 2
\BOOKMARK [0][-]{chapter.1}{第一章题目}{}% 3
\BOOKMARK [1][-]{section.1.1}{（1.1 题目）}{chapter.1}% 4
\BOOKMARK [2][-]{subsection.1.1.1}{（1.1.1 题目）}{section.1.1}% 5
\BOOKMARK [2][-]{subsection.1.1.2}{（1.1.2 题目）}{section.1.1}% 6
\BOOKMARK [1][-]{section.1.2}{（1.2 题目）}{chapter.1}% 7
\BOOKMARK [1][-]{section.1.3}{（1.3 题目）}{chapter.1}% 8
\BOOKMARK [2][-]{subsection.1.3.1}{（1.3.1 题目）}{section.1.3}% 9
\BOOKMARK [2][-]{subsection.1.3.2}{（1.3.2 题目）}{section.1.3}% 10
\BOOKMARK [0][-]{chapter.2}{论文正文}{}% 11
\BOOKMARK [1][-]{section.2.1}{字体段落}{chapter.2}% 12
\BOOKMARK [1][-]{section.2.2}{表格明细}{chapter.2}% 13
\BOOKMARK [1][-]{section.2.3}{绘图插图}{chapter.2}% 14
\BOOKMARK [1][-]{section.2.4}{公式定理}{chapter.2}% 15
\BOOKMARK [1][-]{section.2.5}{参考文献}{chapter.2}% 16
\BOOKMARK [1][-]{section.2.6}{代码高亮}{chapter.2}% 17
\BOOKMARK [1][-]{section.2.7}{符号列表}{chapter.2}% 18
\BOOKMARK [1][-]{section.2.8}{中文习惯}{chapter.2}% 19
\BOOKMARK [0][-]{chapter*.23}{致谢}{}% 20
\BOOKMARK [0][-]{section*.24}{参考文献}{}% 21
\BOOKMARK [0][-]{chapter*.25}{作者在学期间取得的学术成果}{}% 22
\BOOKMARK [0][-]{appendix.A}{模板提供的希腊字母命令列表}{}% 23
